2026-01-28 14:00:35 - System - INFO - ============================================================
2026-01-28 14:00:35 - System - INFO - СИСТЕМА СОЗДАНИЯ КАРТ ЗАГРУЗОК - ЗАПУСК (SQLite версия)
2026-01-28 14:00:35 - System - INFO - Дата и время: 2026-01-28 14:00:35
2026-01-28 14:00:35 - System - INFO - Версия Python: 3.13.7 (tags/v3.13.7:bcee1c3, Aug 14 2025, 14:15:11) [MSC v.1944 64 bit (AMD64)]
2026-01-28 14:00:35 - System - INFO - Платформа: win32
2026-01-28 14:00:35 - System - INFO - Рабочая директория: E:\Программа СВ-ХИМ\modules
2026-01-28 14:00:35 - System - INFO - ============================================================
2026-01-28 14:00:38 - DatabaseManager - INFO - База данных инициализирована: loading_cards.db
2026-01-28 16:08:54 - System - INFO - ============================================================
2026-01-28 16:08:54 - System - INFO - СИСТЕМА СОЗДАНИЯ КАРТ ЗАГРУЗОК - ЗАПУСК (SQLite версия)
2026-01-28 16:08:54 - System - INFO - Дата и время: 2026-01-28 16:08:54
2026-01-28 16:08:54 - System - INFO - Версия Python: 3.13.7 (tags/v3.13.7:bcee1c3, Aug 14 2025, 14:15:11) [MSC v.1944 64 bit (AMD64)]
2026-01-28 16:08:54 - System - INFO - Платформа: win32
2026-01-28 16:08:54 - System - INFO - Рабочая директория: E:\Программа СВ-ХИМ\modules
2026-01-28 16:08:54 - System - INFO - ============================================================
2026-01-28 16:08:54 - DatabaseManager - INFO - База данных инициализирована: loading_cards.db
2026-01-28 16:22:05 - System - INFO - ============================================================
2026-01-28 16:22:05 - System - INFO - СИСТЕМА СОЗДАНИЯ КАРТ ЗАГРУЗОК - ЗАПУСК (SQLite версия)
2026-01-28 16:22:05 - System - INFO - Дата и время: 2026-01-28 16:22:05
2026-01-28 16:22:05 - System - INFO - Версия Python: 3.13.7 (tags/v3.13.7:bcee1c3, Aug 14 2025, 14:15:11) [MSC v.1944 64 bit (AMD64)]
2026-01-28 16:22:05 - System - INFO - Платформа: win32
2026-01-28 16:22:05 - System - INFO - Рабочая директория: E:\Программа СВ-ХИМ\modules
2026-01-28 16:22:05 - System - INFO - ============================================================
2026-01-28 16:22:05 - DatabaseManager - INFO - База данных инициализирована: loading_cards.db
2026-01-28 16:22:15 - System - INFO - ============================================================
2026-01-28 16:22:15 - System - INFO - СИСТЕМА СОЗДАНИЯ КАРТ ЗАГРУЗОК - ЗАПУСК (SQLite версия)
2026-01-28 16:22:15 - System - INFO - Дата и время: 2026-01-28 16:22:15
2026-01-28 16:22:15 - System - INFO - Версия Python: 3.13.7 (tags/v3.13.7:bcee1c3, Aug 14 2025, 14:15:11) [MSC v.1944 64 bit (AMD64)]
2026-01-28 16:22:15 - System - INFO - Платформа: win32
2026-01-28 16:22:15 - System - INFO - Рабочая директория: E:\Программа СВ-ХИМ\modules
2026-01-28 16:22:15 - System - INFO - ============================================================
2026-01-28 16:22:16 - DatabaseManager - INFO - База данных инициализирована: loading_cards.db
2026-01-28 22:37:06 - System - INFO - ============================================================
2026-01-28 22:37:06 - System - INFO - СИСТЕМА СОЗДАНИЯ КАРТ ЗАГРУЗОК - ЗАПУСК (SQLite версия)
2026-01-28 22:37:06 - System - INFO - Дата и время: 2026-01-28 22:37:06
2026-01-28 22:37:06 - System - INFO - Версия Python: 3.13.7 (tags/v3.13.7:bcee1c3, Aug 14 2025, 14:15:11) [MSC v.1944 64 bit (AMD64)]
2026-01-28 22:37:06 - System - INFO - Платформа: win32
2026-01-28 22:37:06 - System - INFO - Рабочая директория: E:\Программа СВ-ХИМ\modules
2026-01-28 22:37:06 - System - INFO - ============================================================
2026-01-28 22:37:06 - DatabaseManager - INFO - База данных инициализирована: loading_cards.db
